[0.226s] DEBUG:colcon:Command line arguments: ['/usr/bin/colcon', 'build', '--packages-select', 'tracking_pkg']
[0.226s] DEBUG:colcon:Parsed command line arguments: Namespace(ament_cmake_args=None, base_paths=['.'], build_base='build', catkin_cmake_args=None, catkin_skip_building_tests=False, cmake_args=None, cmake_clean_cache=False, cmake_clean_first=False, cmake_force_configure=False, cmake_target=None, cmake_target_skip_unavailable=False, continue_on_error=False, event_handlers=None, executor='parallel', ignore_user_meta=False, install_base='install', log_base=None, log_level=None, main=<bound method BuildVerb.main of <colcon_core.verb.build.BuildVerb object at 0x7f48e833fc40>>, merge_install=False, metas=['./colcon.meta'], packages_above=None, packages_above_and_dependencies=None, packages_above_depth=None, packages_end=None, packages_ignore=None, packages_ignore_regex=None, packages_select=['tracking_pkg'], packages_select_build_failed=False, packages_select_by_dep=None, packages_select_regex=None, packages_select_test_failures=False, packages_skip=None, packages_skip_build_finished=False, packages_skip_by_dep=None, packages_skip_regex=None, packages_skip_test_passed=False, packages_skip_up_to=None, packages_start=None, packages_up_to=None, packages_up_to_regex=None, parallel_workers=16, paths=None, symlink_install=False, test_result_base=None, verb_extension=<colcon_core.verb.build.BuildVerb object at 0x7f48e833fc40>, verb_name='build', verb_parser=<colcon_defaults.argument_parser.defaults.DefaultArgumentsDecorator object at 0x7f48e834c1f0>)
[0.229s] Level 1:colcon.colcon_core.package_discovery:discover_packages(colcon_meta) check parameters
[0.229s] Level 1:colcon.colcon_core.package_discovery:discover_packages(recursive) check parameters
[0.229s] Level 1:colcon.colcon_core.package_discovery:discover_packages(ignore) check parameters
[0.229s] Level 1:colcon.colcon_core.package_discovery:discover_packages(path) check parameters
[0.229s] Level 1:colcon.colcon_core.package_discovery:discover_packages(colcon_meta) discover
[0.229s] Level 1:colcon.colcon_core.package_discovery:discover_packages(recursive) discover
[0.229s] INFO:colcon.colcon_core.package_discovery:Crawling recursively for packages in '/home/ahmed/ITI_ROS_WS/src/tracking_pkg/tracking_pkg'
[0.230s] Level 1:colcon.colcon_core.package_identification:_identify(.) by extensions ['ignore', 'ignore_ament_install']
[0.230s] Level 1:colcon.colcon_core.package_identification:_identify(.) by extension 'ignore'
[0.230s] Level 1:colcon.colcon_core.package_identification:_identify(.) by extension 'ignore_ament_install'
[0.230s] Level 1:colcon.colcon_core.package_identification:_identify(.) by extensions ['colcon_pkg']
[0.230s] Level 1:colcon.colcon_core.package_identification:_identify(.) by extension 'colcon_pkg'
[0.230s] Level 1:colcon.colcon_core.package_identification:_identify(.) by extensions ['colcon_meta']
[0.230s] Level 1:colcon.colcon_core.package_identification:_identify(.) by extension 'colcon_meta'
[0.230s] Level 1:colcon.colcon_core.package_identification:_identify(.) by extensions ['ros']
[0.230s] Level 1:colcon.colcon_core.package_identification:_identify(.) by extension 'ros'
[0.237s] Level 1:colcon.colcon_core.package_identification:_identify(.) by extensions ['cmake', 'python']
[0.238s] Level 1:colcon.colcon_core.package_identification:_identify(.) by extension 'cmake'
[0.238s] Level 1:colcon.colcon_core.package_identification:_identify(.) by extension 'python'
[0.238s] Level 1:colcon.colcon_core.package_identification:_identify(.) by extensions ['python_setup_py']
[0.238s] Level 1:colcon.colcon_core.package_identification:_identify(.) by extension 'python_setup_py'
[0.238s] Level 1:colcon.colcon_core.package_identification:_identify(__pycache__) by extensions ['ignore', 'ignore_ament_install']
[0.238s] Level 1:colcon.colcon_core.package_identification:_identify(__pycache__) by extension 'ignore'
[0.238s] Level 1:colcon.colcon_core.package_identification:_identify(__pycache__) by extension 'ignore_ament_install'
[0.238s] Level 1:colcon.colcon_core.package_identification:_identify(__pycache__) by extensions ['colcon_pkg']
[0.238s] Level 1:colcon.colcon_core.package_identification:_identify(__pycache__) by extension 'colcon_pkg'
[0.238s] Level 1:colcon.colcon_core.package_identification:_identify(__pycache__) by extensions ['colcon_meta']
[0.238s] Level 1:colcon.colcon_core.package_identification:_identify(__pycache__) by extension 'colcon_meta'
[0.238s] Level 1:colcon.colcon_core.package_identification:_identify(__pycache__) by extensions ['ros']
[0.238s] Level 1:colcon.colcon_core.package_identification:_identify(__pycache__) by extension 'ros'
[0.238s] Level 1:colcon.colcon_core.package_identification:_identify(__pycache__) by extensions ['cmake', 'python']
[0.238s] Level 1:colcon.colcon_core.package_identification:_identify(__pycache__) by extension 'cmake'
[0.238s] Level 1:colcon.colcon_core.package_identification:_identify(__pycache__) by extension 'python'
[0.238s] Level 1:colcon.colcon_core.package_identification:_identify(__pycache__) by extensions ['python_setup_py']
[0.238s] Level 1:colcon.colcon_core.package_identification:_identify(__pycache__) by extension 'python_setup_py'
[0.238s] Level 1:colcon.colcon_core.package_identification:_identify(build) by extensions ['ignore', 'ignore_ament_install']
[0.238s] Level 1:colcon.colcon_core.package_identification:_identify(build) by extension 'ignore'
[0.238s] Level 1:colcon.colcon_core.package_identification:_identify(build) ignored
[0.238s] Level 1:colcon.colcon_core.package_identification:_identify(data) by extensions ['ignore', 'ignore_ament_install']
[0.238s] Level 1:colcon.colcon_core.package_identification:_identify(data) by extension 'ignore'
[0.238s] Level 1:colcon.colcon_core.package_identification:_identify(data) by extension 'ignore_ament_install'
[0.239s] Level 1:colcon.colcon_core.package_identification:_identify(data) by extensions ['colcon_pkg']
[0.239s] Level 1:colcon.colcon_core.package_identification:_identify(data) by extension 'colcon_pkg'
[0.239s] Level 1:colcon.colcon_core.package_identification:_identify(data) by extensions ['colcon_meta']
[0.239s] Level 1:colcon.colcon_core.package_identification:_identify(data) by extension 'colcon_meta'
[0.239s] Level 1:colcon.colcon_core.package_identification:_identify(data) by extensions ['ros']
[0.239s] Level 1:colcon.colcon_core.package_identification:_identify(data) by extension 'ros'
[0.239s] Level 1:colcon.colcon_core.package_identification:_identify(data) by extensions ['cmake', 'python']
[0.239s] Level 1:colcon.colcon_core.package_identification:_identify(data) by extension 'cmake'
[0.239s] Level 1:colcon.colcon_core.package_identification:_identify(data) by extension 'python'
[0.239s] Level 1:colcon.colcon_core.package_identification:_identify(data) by extensions ['python_setup_py']
[0.239s] Level 1:colcon.colcon_core.package_identification:_identify(data) by extension 'python_setup_py'
[0.239s] Level 1:colcon.colcon_core.package_identification:_identify(data/fonts) by extensions ['ignore', 'ignore_ament_install']
[0.239s] Level 1:colcon.colcon_core.package_identification:_identify(data/fonts) by extension 'ignore'
[0.239s] Level 1:colcon.colcon_core.package_identification:_identify(data/fonts) by extension 'ignore_ament_install'
[0.239s] Level 1:colcon.colcon_core.package_identification:_identify(data/fonts) by extensions ['colcon_pkg']
[0.239s] Level 1:colcon.colcon_core.package_identification:_identify(data/fonts) by extension 'colcon_pkg'
[0.239s] Level 1:colcon.colcon_core.package_identification:_identify(data/fonts) by extensions ['colcon_meta']
[0.239s] Level 1:colcon.colcon_core.package_identification:_identify(data/fonts) by extension 'colcon_meta'
[0.239s] Level 1:colcon.colcon_core.package_identification:_identify(data/fonts) by extensions ['ros']
[0.239s] Level 1:colcon.colcon_core.package_identification:_identify(data/fonts) by extension 'ros'
[0.239s] Level 1:colcon.colcon_core.package_identification:_identify(data/fonts) by extensions ['cmake', 'python']
[0.239s] Level 1:colcon.colcon_core.package_identification:_identify(data/fonts) by extension 'cmake'
[0.239s] Level 1:colcon.colcon_core.package_identification:_identify(data/fonts) by extension 'python'
[0.239s] Level 1:colcon.colcon_core.package_identification:_identify(data/fonts) by extensions ['python_setup_py']
[0.239s] Level 1:colcon.colcon_core.package_identification:_identify(data/fonts) by extension 'python_setup_py'
[0.239s] Level 1:colcon.colcon_core.package_identification:_identify(data/helpers) by extensions ['ignore', 'ignore_ament_install']
[0.239s] Level 1:colcon.colcon_core.package_identification:_identify(data/helpers) by extension 'ignore'
[0.239s] Level 1:colcon.colcon_core.package_identification:_identify(data/helpers) by extension 'ignore_ament_install'
[0.239s] Level 1:colcon.colcon_core.package_identification:_identify(data/helpers) by extensions ['colcon_pkg']
[0.240s] Level 1:colcon.colcon_core.package_identification:_identify(data/helpers) by extension 'colcon_pkg'
[0.240s] Level 1:colcon.colcon_core.package_identification:_identify(data/helpers) by extensions ['colcon_meta']
[0.240s] Level 1:colcon.colcon_core.package_identification:_identify(data/helpers) by extension 'colcon_meta'
[0.240s] Level 1:colcon.colcon_core.package_identification:_identify(data/helpers) by extensions ['ros']
[0.240s] Level 1:colcon.colcon_core.package_identification:_identify(data/helpers) by extension 'ros'
[0.240s] Level 1:colcon.colcon_core.package_identification:_identify(data/helpers) by extensions ['cmake', 'python']
[0.240s] Level 1:colcon.colcon_core.package_identification:_identify(data/helpers) by extension 'cmake'
[0.240s] Level 1:colcon.colcon_core.package_identification:_identify(data/helpers) by extension 'python'
[0.240s] Level 1:colcon.colcon_core.package_identification:_identify(data/helpers) by extensions ['python_setup_py']
[0.240s] Level 1:colcon.colcon_core.package_identification:_identify(data/helpers) by extension 'python_setup_py'
[0.240s] Level 1:colcon.colcon_core.package_identification:_identify(data/labels) by extensions ['ignore', 'ignore_ament_install']
[0.240s] Level 1:colcon.colcon_core.package_identification:_identify(data/labels) by extension 'ignore'
[0.240s] Level 1:colcon.colcon_core.package_identification:_identify(data/labels) by extension 'ignore_ament_install'
[0.240s] Level 1:colcon.colcon_core.package_identification:_identify(data/labels) by extensions ['colcon_pkg']
[0.240s] Level 1:colcon.colcon_core.package_identification:_identify(data/labels) by extension 'colcon_pkg'
[0.240s] Level 1:colcon.colcon_core.package_identification:_identify(data/labels) by extensions ['colcon_meta']
[0.240s] Level 1:colcon.colcon_core.package_identification:_identify(data/labels) by extension 'colcon_meta'
[0.240s] Level 1:colcon.colcon_core.package_identification:_identify(data/labels) by extensions ['ros']
[0.240s] Level 1:colcon.colcon_core.package_identification:_identify(data/labels) by extension 'ros'
[0.240s] Level 1:colcon.colcon_core.package_identification:_identify(data/labels) by extensions ['cmake', 'python']
[0.240s] Level 1:colcon.colcon_core.package_identification:_identify(data/labels) by extension 'cmake'
[0.240s] Level 1:colcon.colcon_core.package_identification:_identify(data/labels) by extension 'python'
[0.240s] Level 1:colcon.colcon_core.package_identification:_identify(data/labels) by extensions ['python_setup_py']
[0.240s] Level 1:colcon.colcon_core.package_identification:_identify(data/labels) by extension 'python_setup_py'
[0.240s] Level 1:colcon.colcon_core.package_identification:_identify(data/video) by extensions ['ignore', 'ignore_ament_install']
[0.240s] Level 1:colcon.colcon_core.package_identification:_identify(data/video) by extension 'ignore'
[0.240s] Level 1:colcon.colcon_core.package_identification:_identify(data/video) by extension 'ignore_ament_install'
[0.240s] Level 1:colcon.colcon_core.package_identification:_identify(data/video) by extensions ['colcon_pkg']
[0.240s] Level 1:colcon.colcon_core.package_identification:_identify(data/video) by extension 'colcon_pkg'
[0.241s] Level 1:colcon.colcon_core.package_identification:_identify(data/video) by extensions ['colcon_meta']
[0.241s] Level 1:colcon.colcon_core.package_identification:_identify(data/video) by extension 'colcon_meta'
[0.241s] Level 1:colcon.colcon_core.package_identification:_identify(data/video) by extensions ['ros']
[0.241s] Level 1:colcon.colcon_core.package_identification:_identify(data/video) by extension 'ros'
[0.241s] Level 1:colcon.colcon_core.package_identification:_identify(data/video) by extensions ['cmake', 'python']
[0.241s] Level 1:colcon.colcon_core.package_identification:_identify(data/video) by extension 'cmake'
[0.241s] Level 1:colcon.colcon_core.package_identification:_identify(data/video) by extension 'python'
[0.241s] Level 1:colcon.colcon_core.package_identification:_identify(data/video) by extensions ['python_setup_py']
[0.241s] Level 1:colcon.colcon_core.package_identification:_identify(data/video) by extension 'python_setup_py'
[0.241s] Level 1:colcon.colcon_core.package_identification:_identify(deep_sort) by extensions ['ignore', 'ignore_ament_install']
[0.241s] Level 1:colcon.colcon_core.package_identification:_identify(deep_sort) by extension 'ignore'
[0.241s] Level 1:colcon.colcon_core.package_identification:_identify(deep_sort) by extension 'ignore_ament_install'
[0.241s] Level 1:colcon.colcon_core.package_identification:_identify(deep_sort) by extensions ['colcon_pkg']
[0.241s] Level 1:colcon.colcon_core.package_identification:_identify(deep_sort) by extension 'colcon_pkg'
[0.241s] Level 1:colcon.colcon_core.package_identification:_identify(deep_sort) by extensions ['colcon_meta']
[0.241s] Level 1:colcon.colcon_core.package_identification:_identify(deep_sort) by extension 'colcon_meta'
[0.241s] Level 1:colcon.colcon_core.package_identification:_identify(deep_sort) by extensions ['ros']
[0.241s] Level 1:colcon.colcon_core.package_identification:_identify(deep_sort) by extension 'ros'
[0.241s] Level 1:colcon.colcon_core.package_identification:_identify(deep_sort) by extensions ['cmake', 'python']
[0.241s] Level 1:colcon.colcon_core.package_identification:_identify(deep_sort) by extension 'cmake'
[0.241s] Level 1:colcon.colcon_core.package_identification:_identify(deep_sort) by extension 'python'
[0.241s] Level 1:colcon.colcon_core.package_identification:_identify(deep_sort) by extensions ['python_setup_py']
[0.241s] Level 1:colcon.colcon_core.package_identification:_identify(deep_sort) by extension 'python_setup_py'
[0.241s] Level 1:colcon.colcon_core.package_identification:_identify(deep_sort/__pycache__) by extensions ['ignore', 'ignore_ament_install']
[0.241s] Level 1:colcon.colcon_core.package_identification:_identify(deep_sort/__pycache__) by extension 'ignore'
[0.241s] Level 1:colcon.colcon_core.package_identification:_identify(deep_sort/__pycache__) by extension 'ignore_ament_install'
[0.241s] Level 1:colcon.colcon_core.package_identification:_identify(deep_sort/__pycache__) by extensions ['colcon_pkg']
[0.241s] Level 1:colcon.colcon_core.package_identification:_identify(deep_sort/__pycache__) by extension 'colcon_pkg'
[0.242s] Level 1:colcon.colcon_core.package_identification:_identify(deep_sort/__pycache__) by extensions ['colcon_meta']
[0.242s] Level 1:colcon.colcon_core.package_identification:_identify(deep_sort/__pycache__) by extension 'colcon_meta'
[0.242s] Level 1:colcon.colcon_core.package_identification:_identify(deep_sort/__pycache__) by extensions ['ros']
[0.242s] Level 1:colcon.colcon_core.package_identification:_identify(deep_sort/__pycache__) by extension 'ros'
[0.242s] Level 1:colcon.colcon_core.package_identification:_identify(deep_sort/__pycache__) by extensions ['cmake', 'python']
[0.242s] Level 1:colcon.colcon_core.package_identification:_identify(deep_sort/__pycache__) by extension 'cmake'
[0.242s] Level 1:colcon.colcon_core.package_identification:_identify(deep_sort/__pycache__) by extension 'python'
[0.242s] Level 1:colcon.colcon_core.package_identification:_identify(deep_sort/__pycache__) by extensions ['python_setup_py']
[0.242s] Level 1:colcon.colcon_core.package_identification:_identify(deep_sort/__pycache__) by extension 'python_setup_py'
[0.242s] Level 1:colcon.colcon_core.package_identification:_identify(install) by extensions ['ignore', 'ignore_ament_install']
[0.242s] Level 1:colcon.colcon_core.package_identification:_identify(install) by extension 'ignore'
[0.242s] Level 1:colcon.colcon_core.package_identification:_identify(install) ignored
[0.242s] Level 1:colcon.colcon_core.package_identification:_identify(log) by extensions ['ignore', 'ignore_ament_install']
[0.242s] Level 1:colcon.colcon_core.package_identification:_identify(log) by extension 'ignore'
[0.242s] Level 1:colcon.colcon_core.package_identification:_identify(log) ignored
[0.242s] Level 1:colcon.colcon_core.package_identification:_identify(model_data) by extensions ['ignore', 'ignore_ament_install']
[0.242s] Level 1:colcon.colcon_core.package_identification:_identify(model_data) by extension 'ignore'
[0.242s] Level 1:colcon.colcon_core.package_identification:_identify(model_data) by extension 'ignore_ament_install'
[0.242s] Level 1:colcon.colcon_core.package_identification:_identify(model_data) by extensions ['colcon_pkg']
[0.242s] Level 1:colcon.colcon_core.package_identification:_identify(model_data) by extension 'colcon_pkg'
[0.242s] Level 1:colcon.colcon_core.package_identification:_identify(model_data) by extensions ['colcon_meta']
[0.242s] Level 1:colcon.colcon_core.package_identification:_identify(model_data) by extension 'colcon_meta'
[0.242s] Level 1:colcon.colcon_core.package_identification:_identify(model_data) by extensions ['ros']
[0.242s] Level 1:colcon.colcon_core.package_identification:_identify(model_data) by extension 'ros'
[0.242s] Level 1:colcon.colcon_core.package_identification:_identify(model_data) by extensions ['cmake', 'python']
[0.242s] Level 1:colcon.colcon_core.package_identification:_identify(model_data) by extension 'cmake'
[0.242s] Level 1:colcon.colcon_core.package_identification:_identify(model_data) by extension 'python'
[0.243s] Level 1:colcon.colcon_core.package_identification:_identify(model_data) by extensions ['python_setup_py']
[0.243s] Level 1:colcon.colcon_core.package_identification:_identify(model_data) by extension 'python_setup_py'
[0.243s] Level 1:colcon.colcon_core.package_identification:_identify(tools) by extensions ['ignore', 'ignore_ament_install']
[0.243s] Level 1:colcon.colcon_core.package_identification:_identify(tools) by extension 'ignore'
[0.243s] Level 1:colcon.colcon_core.package_identification:_identify(tools) by extension 'ignore_ament_install'
[0.243s] Level 1:colcon.colcon_core.package_identification:_identify(tools) by extensions ['colcon_pkg']
[0.243s] Level 1:colcon.colcon_core.package_identification:_identify(tools) by extension 'colcon_pkg'
[0.243s] Level 1:colcon.colcon_core.package_identification:_identify(tools) by extensions ['colcon_meta']
[0.243s] Level 1:colcon.colcon_core.package_identification:_identify(tools) by extension 'colcon_meta'
[0.243s] Level 1:colcon.colcon_core.package_identification:_identify(tools) by extensions ['ros']
[0.243s] Level 1:colcon.colcon_core.package_identification:_identify(tools) by extension 'ros'
[0.243s] Level 1:colcon.colcon_core.package_identification:_identify(tools) by extensions ['cmake', 'python']
[0.243s] Level 1:colcon.colcon_core.package_identification:_identify(tools) by extension 'cmake'
[0.243s] Level 1:colcon.colcon_core.package_identification:_identify(tools) by extension 'python'
[0.243s] Level 1:colcon.colcon_core.package_identification:_identify(tools) by extensions ['python_setup_py']
[0.243s] Level 1:colcon.colcon_core.package_identification:_identify(tools) by extension 'python_setup_py'
[0.243s] Level 1:colcon.colcon_core.package_identification:_identify(tools/__pycache__) by extensions ['ignore', 'ignore_ament_install']
[0.243s] Level 1:colcon.colcon_core.package_identification:_identify(tools/__pycache__) by extension 'ignore'
[0.243s] Level 1:colcon.colcon_core.package_identification:_identify(tools/__pycache__) by extension 'ignore_ament_install'
[0.243s] Level 1:colcon.colcon_core.package_identification:_identify(tools/__pycache__) by extensions ['colcon_pkg']
[0.243s] Level 1:colcon.colcon_core.package_identification:_identify(tools/__pycache__) by extension 'colcon_pkg'
[0.243s] Level 1:colcon.colcon_core.package_identification:_identify(tools/__pycache__) by extensions ['colcon_meta']
[0.243s] Level 1:colcon.colcon_core.package_identification:_identify(tools/__pycache__) by extension 'colcon_meta'
[0.243s] Level 1:colcon.colcon_core.package_identification:_identify(tools/__pycache__) by extensions ['ros']
[0.243s] Level 1:colcon.colcon_core.package_identification:_identify(tools/__pycache__) by extension 'ros'
[0.243s] Level 1:colcon.colcon_core.package_identification:_identify(tools/__pycache__) by extensions ['cmake', 'python']
[0.243s] Level 1:colcon.colcon_core.package_identification:_identify(tools/__pycache__) by extension 'cmake'
[0.243s] Level 1:colcon.colcon_core.package_identification:_identify(tools/__pycache__) by extension 'python'
[0.244s] Level 1:colcon.colcon_core.package_identification:_identify(tools/__pycache__) by extensions ['python_setup_py']
[0.244s] Level 1:colcon.colcon_core.package_identification:_identify(tools/__pycache__) by extension 'python_setup_py'
[0.244s] Level 1:colcon.colcon_core.package_identification:_identify(weights) by extensions ['ignore', 'ignore_ament_install']
[0.244s] Level 1:colcon.colcon_core.package_identification:_identify(weights) by extension 'ignore'
[0.244s] Level 1:colcon.colcon_core.package_identification:_identify(weights) by extension 'ignore_ament_install'
[0.244s] Level 1:colcon.colcon_core.package_identification:_identify(weights) by extensions ['colcon_pkg']
[0.244s] Level 1:colcon.colcon_core.package_identification:_identify(weights) by extension 'colcon_pkg'
[0.244s] Level 1:colcon.colcon_core.package_identification:_identify(weights) by extensions ['colcon_meta']
[0.244s] Level 1:colcon.colcon_core.package_identification:_identify(weights) by extension 'colcon_meta'
[0.244s] Level 1:colcon.colcon_core.package_identification:_identify(weights) by extensions ['ros']
[0.244s] Level 1:colcon.colcon_core.package_identification:_identify(weights) by extension 'ros'
[0.244s] Level 1:colcon.colcon_core.package_identification:_identify(weights) by extensions ['cmake', 'python']
[0.244s] Level 1:colcon.colcon_core.package_identification:_identify(weights) by extension 'cmake'
[0.244s] Level 1:colcon.colcon_core.package_identification:_identify(weights) by extension 'python'
[0.244s] Level 1:colcon.colcon_core.package_identification:_identify(weights) by extensions ['python_setup_py']
[0.244s] Level 1:colcon.colcon_core.package_identification:_identify(weights) by extension 'python_setup_py'
[0.244s] Level 1:colcon.colcon_core.package_identification:_identify(yolov3_tf2) by extensions ['ignore', 'ignore_ament_install']
[0.244s] Level 1:colcon.colcon_core.package_identification:_identify(yolov3_tf2) by extension 'ignore'
[0.244s] Level 1:colcon.colcon_core.package_identification:_identify(yolov3_tf2) by extension 'ignore_ament_install'
[0.244s] Level 1:colcon.colcon_core.package_identification:_identify(yolov3_tf2) by extensions ['colcon_pkg']
[0.244s] Level 1:colcon.colcon_core.package_identification:_identify(yolov3_tf2) by extension 'colcon_pkg'
[0.244s] Level 1:colcon.colcon_core.package_identification:_identify(yolov3_tf2) by extensions ['colcon_meta']
[0.244s] Level 1:colcon.colcon_core.package_identification:_identify(yolov3_tf2) by extension 'colcon_meta'
[0.244s] Level 1:colcon.colcon_core.package_identification:_identify(yolov3_tf2) by extensions ['ros']
[0.244s] Level 1:colcon.colcon_core.package_identification:_identify(yolov3_tf2) by extension 'ros'
[0.244s] Level 1:colcon.colcon_core.package_identification:_identify(yolov3_tf2) by extensions ['cmake', 'python']
[0.244s] Level 1:colcon.colcon_core.package_identification:_identify(yolov3_tf2) by extension 'cmake'
[0.244s] Level 1:colcon.colcon_core.package_identification:_identify(yolov3_tf2) by extension 'python'
[0.244s] Level 1:colcon.colcon_core.package_identification:_identify(yolov3_tf2) by extensions ['python_setup_py']
[0.244s] Level 1:colcon.colcon_core.package_identification:_identify(yolov3_tf2) by extension 'python_setup_py'
[0.245s] Level 1:colcon.colcon_core.package_identification:_identify(yolov3_tf2/__pycache__) by extensions ['ignore', 'ignore_ament_install']
[0.245s] Level 1:colcon.colcon_core.package_identification:_identify(yolov3_tf2/__pycache__) by extension 'ignore'
[0.245s] Level 1:colcon.colcon_core.package_identification:_identify(yolov3_tf2/__pycache__) by extension 'ignore_ament_install'
[0.245s] Level 1:colcon.colcon_core.package_identification:_identify(yolov3_tf2/__pycache__) by extensions ['colcon_pkg']
[0.245s] Level 1:colcon.colcon_core.package_identification:_identify(yolov3_tf2/__pycache__) by extension 'colcon_pkg'
[0.245s] Level 1:colcon.colcon_core.package_identification:_identify(yolov3_tf2/__pycache__) by extensions ['colcon_meta']
[0.245s] Level 1:colcon.colcon_core.package_identification:_identify(yolov3_tf2/__pycache__) by extension 'colcon_meta'
[0.245s] Level 1:colcon.colcon_core.package_identification:_identify(yolov3_tf2/__pycache__) by extensions ['ros']
[0.245s] Level 1:colcon.colcon_core.package_identification:_identify(yolov3_tf2/__pycache__) by extension 'ros'
[0.245s] Level 1:colcon.colcon_core.package_identification:_identify(yolov3_tf2/__pycache__) by extensions ['cmake', 'python']
[0.245s] Level 1:colcon.colcon_core.package_identification:_identify(yolov3_tf2/__pycache__) by extension 'cmake'
[0.245s] Level 1:colcon.colcon_core.package_identification:_identify(yolov3_tf2/__pycache__) by extension 'python'
[0.245s] Level 1:colcon.colcon_core.package_identification:_identify(yolov3_tf2/__pycache__) by extensions ['python_setup_py']
[0.245s] Level 1:colcon.colcon_core.package_identification:_identify(yolov3_tf2/__pycache__) by extension 'python_setup_py'
[0.245s] Level 1:colcon.colcon_core.package_discovery:discover_packages(recursive) using defaults
[0.245s] Level 1:colcon.colcon_core.package_discovery:discover_packages(ignore) discover
[0.245s] Level 1:colcon.colcon_core.package_discovery:discover_packages(ignore) using defaults
[0.245s] Level 1:colcon.colcon_core.package_discovery:discover_packages(path) discover
[0.245s] Level 1:colcon.colcon_core.package_discovery:discover_packages(path) using defaults
[0.246s] WARNING:colcon.colcon_core.package_selection:ignoring unknown package 'tracking_pkg' in --packages-select
[0.258s] INFO:colcon.colcon_core.executor:Executing jobs using 'parallel' executor
[0.259s] DEBUG:colcon.colcon_parallel_executor.executor.parallel:run_until_complete
[0.259s] DEBUG:colcon.colcon_parallel_executor.executor.parallel:closing loop
[0.259s] DEBUG:colcon.colcon_parallel_executor.executor.parallel:loop closed
[0.259s] DEBUG:colcon.colcon_parallel_executor.executor.parallel:run_until_complete finished with '0'
[0.260s] DEBUG:colcon.colcon_core.event_reactor:joining thread
[0.267s] INFO:colcon.colcon_core.plugin_system:Skipping extension 'colcon_notification.desktop_notification.terminal_notifier': Not used on non-Darwin systems
[0.267s] INFO:colcon.colcon_core.plugin_system:Skipping extension 'colcon_notification.desktop_notification.win32': Not used on non-Windows systems
[0.268s] INFO:colcon.colcon_notification.desktop_notification:Sending desktop notification using 'notify2'
[0.283s] DEBUG:colcon.colcon_core.event_reactor:joined thread
[0.287s] INFO:colcon.colcon_core.plugin_system:Skipping extension 'colcon_core.shell.bat': Not used on non-Windows systems
[0.287s] INFO:colcon.colcon_core.shell:Creating prefix script '/home/ahmed/ITI_ROS_WS/src/tracking_pkg/tracking_pkg/install/local_setup.ps1'
[0.288s] INFO:colcon.colcon_core.shell:Creating prefix util module '/home/ahmed/ITI_ROS_WS/src/tracking_pkg/tracking_pkg/install/_local_setup_util_ps1.py'
[0.289s] INFO:colcon.colcon_core.shell:Creating prefix chain script '/home/ahmed/ITI_ROS_WS/src/tracking_pkg/tracking_pkg/install/setup.ps1'
[0.294s] INFO:colcon.colcon_core.shell:Creating prefix script '/home/ahmed/ITI_ROS_WS/src/tracking_pkg/tracking_pkg/install/local_setup.sh'
[0.294s] INFO:colcon.colcon_core.shell:Creating prefix util module '/home/ahmed/ITI_ROS_WS/src/tracking_pkg/tracking_pkg/install/_local_setup_util_sh.py'
[0.295s] INFO:colcon.colcon_core.shell:Creating prefix chain script '/home/ahmed/ITI_ROS_WS/src/tracking_pkg/tracking_pkg/install/setup.sh'
[0.298s] INFO:colcon.colcon_core.shell:Creating prefix script '/home/ahmed/ITI_ROS_WS/src/tracking_pkg/tracking_pkg/install/local_setup.bash'
[0.299s] INFO:colcon.colcon_core.shell:Creating prefix chain script '/home/ahmed/ITI_ROS_WS/src/tracking_pkg/tracking_pkg/install/setup.bash'
[0.301s] INFO:colcon.colcon_core.shell:Creating prefix script '/home/ahmed/ITI_ROS_WS/src/tracking_pkg/tracking_pkg/install/local_setup.zsh'
[0.301s] INFO:colcon.colcon_core.shell:Creating prefix chain script '/home/ahmed/ITI_ROS_WS/src/tracking_pkg/tracking_pkg/install/setup.zsh'
